Build started 2016-01-26 22:45:40.
     1>Project "C:\Users\T540p\documents\visual studio 2015\Projects\Faktura\Faktura\Faktura.vcxproj" on node 2 (Build target(s)).
     1>ClCompile:
         C:\Program Files (x86)\Microsoft Visual Studio 14.0\VC\bin\CL.exe /c /ZI /nologo /W3 /WX- /sdl /Od /Oy- /D _MBCS /Gm /EHsc /RTC1 /MDd /GS /fp:precise /Zc:wchar_t /Zc:forScope /Zc:inline /Fo"Debug\\" /Fd"Debug\vc140.pdb" /Gd /TP /analyze- /errorReport:prompt DataBase.cpp
         DataBase.cpp
     1>c:\users\t540p\documents\visual studio 2015\projects\faktura\faktura\database.cpp(22): warning C4018: '<': signed/unsigned mismatch
     1>c:\users\t540p\documents\visual studio 2015\projects\faktura\faktura\database.cpp(41): warning C4018: '<': signed/unsigned mismatch
       Link:
         C:\Program Files (x86)\Microsoft Visual Studio 14.0\VC\bin\link.exe /ERRORREPORT:PROMPT /OUT:"C:\Users\T540p\documents\visual studio 2015\Projects\Faktura\Debug\Faktura.exe" /INCREMENTAL /NOLOGO kernel32.lib user32.lib gdi32.lib winspool.lib comdlg32.lib advapi32.lib shell32.lib ole32.lib oleaut32.lib uuid.lib odbc32.lib odbccp32.lib /MANIFEST /MANIFESTUAC:"level='asInvoker' uiAccess='false'" /manifest:embed /Debug /PDB:"C:\Users\T540p\documents\visual studio 2015\Projects\Faktura\Debug\Faktura.pdb" /TLBID:1 /DYNAMICBASE /NXCOMPAT /IMPLIB:"C:\Users\T540p\documents\visual studio 2015\Projects\Faktura\Debug\Faktura.lib" /MACHINE:X86 Debug\Address.obj
         Debug\Company.obj
         Debug\DataBase.obj
         Debug\Date.obj
         Debug\Invoice.obj
         Debug\library.obj
         Debug\Menu.obj
         Debug\Position.obj
         Debug\Source.obj
         Debug\Table.obj
         Faktura.vcxproj -> C:\Users\T540p\documents\visual studio 2015\Projects\Faktura\Debug\Faktura.exe
     1>Done Building Project "C:\Users\T540p\documents\visual studio 2015\Projects\Faktura\Faktura\Faktura.vcxproj" (Build target(s)).

Build succeeded.

Time Elapsed 00:00:00.81
